2025-03-24 18:21:11 info: Server running on port 5000
2025-03-24 18:22:43 info: Server running on port 8080
2025-03-24 18:37:51 info: Server running on port 5050
2025-03-24 18:42:47 info: Server running on port 5050
2025-03-24 18:44:29 info: Server running on port 5051
2025-03-24 18:51:41 info: Server running on port 5051
2025-03-24 19:03:36 info: Server running on port 5051
2025-03-24 19:12:53 info: Server running on port 5051
2025-03-24 19:13:27 info: Server running on port 5051
2025-03-24 19:13:38 info: Server running on port 5051
2025-03-24 19:13:49 info: Server running on port 5051
2025-03-24 19:16:05 info: Server running on port 5051
2025-03-24 19:48:39 info: Server running on port 5051
2025-03-24 19:49:54 info: Server running on port 5051
2025-03-24 19:51:17 info: Server running on port 5051
2025-03-28 12:16:09 info: Server running on port 5051
2025-03-28 12:30:23 info: Server running on port 5051
2025-03-31 12:48:13 info: Server running on port 5051
2025-03-31 23:49:59 info: Server running on port 5051
2025-03-31 23:56:44 info: Server running on port 5051
2025-03-31 23:58:31 info: Server running on port 5051
2025-04-01 09:49:21 info: Server running on port 5051
2025-04-01 09:49:52 info: Server running on port 5051
2025-04-01 10:03:20 info: Server running on port 5051
2025-04-01 10:03:29 info: Server running on port 5051
2025-04-01 10:08:57 info: Server running on port 5051
2025-04-01 10:16:47 info: Server running on port 5051
2025-04-01 11:02:35 info: Server running on port 5051
2025-04-01 13:43:19 info: Server running on port 5051
2025-04-01 15:53:42 info: Server running on port 5051
2025-04-01 15:54:13 info: Server running on port 5051
2025-04-01 15:56:52 info: Server running on port 5051
2025-04-01 15:57:23 info: Server running on port 5051
2025-04-01 15:57:39 info: Server running on port 5051
2025-04-02 00:08:41 info: Server running on port 5051
2025-04-02 00:29:59 info: Server running on port 5051
2025-04-02 00:30:33 info: Server running on port 5051
2025-04-02 01:02:38 info: Server running on port 5051
2025-04-02 01:02:38 info: Admin account already exists.
2025-04-02 01:04:18 info: Server running on port 5051
2025-04-02 01:04:18 info: Default admin account created successfully.
2025-04-02 01:05:44 info: Server running on port 5051
2025-04-02 01:05:45 error: Error creating default admin account: E11000 duplicate key error collection: MetaTV.users index: email_1 dup key: { email: "systemadmin@metatv.com" }
2025-04-02 01:06:05 info: Server running on port 5051
2025-04-02 01:06:06 error: Error creating default admin account: E11000 duplicate key error collection: MetaTV.users index: email_1 dup key: { email: "systemadmin@metatv.com" }
2025-04-02 01:07:26 info: Server running on port 5051
2025-04-02 01:07:27 error: Error creating default admin account: E11000 duplicate key error collection: MetaTV.users index: email_1 dup key: { email: "systemadmin@metatv.com" }
2025-04-02 01:18:27 info: Server running on port 5051
2025-04-02 01:18:27 info: Default admin account created successfully.
2025-04-02 01:19:12 info: Server running on port 5051
2025-04-02 01:19:13 error: Error creating default admin account: E11000 duplicate key error collection: MetaTV.users index: email_1 dup key: { email: "systemadmin@metatv.com" }
2025-04-02 01:19:29 info: Server running on port 5051
2025-04-02 01:19:29 info: Default admin account created successfully.
2025-04-02 01:27:39 info: Server running on port 5051
2025-04-02 01:27:40 info: Admin account already exists.
2025-04-02 01:29:13 info: Server running on port 5051
2025-04-02 01:29:13 info: Admin account already exists.
2025-04-02 01:29:33 info: Server running on port 5051
2025-04-02 01:29:34 info: Super Admin account already exists.
2025-04-02 01:51:16 info: Server running on port 5051
2025-04-02 01:51:16 info: Super Admin account already exists.
2025-04-02 02:05:25 info: Server running on port 5051
2025-04-02 02:05:34 info: Server running on port 5051
2025-04-02 02:05:34 info: Super Admin account already exists.
2025-04-02 02:05:53 info: Server running on port 5051
2025-04-02 02:05:54 info: Super Admin account already exists.
2025-04-02 02:06:23 info: Server running on port 5051
2025-04-02 02:06:24 info: Super Admin account already exists.
2025-04-02 02:08:05 info: Server running on port 5051
2025-04-02 02:08:06 info: Super Admin account already exists.
2025-04-02 02:08:15 info: Server running on port 5051
2025-04-02 02:08:15 info: Super Admin account already exists.
2025-04-02 02:09:07 info: Server running on port 5051
2025-04-02 02:09:08 info: Super Admin account already exists.
2025-04-02 02:09:15 info: Server running on port 5051
2025-04-02 02:09:15 info: Super Admin account already exists.
2025-04-02 02:09:35 info: Server running on port 5051
2025-04-02 02:09:35 info: Super Admin account already exists.
2025-04-02 02:27:33 info: Server running on port 5051
2025-04-02 02:27:34 info: Super Admin account already exists.
2025-04-02 02:42:37 info: Server running on port 5051
2025-04-02 02:42:37 info: Super Admin account already exists.
2025-04-02 02:42:48 info: Server running on port 5051
2025-04-02 02:42:49 info: Super Admin account already exists.
2025-04-02 10:52:42 info: Server running on port 5051
2025-04-02 10:52:42 info: Super Admin account already exists.
2025-04-02 10:53:01 info: Server running on port 5051
2025-04-02 10:53:01 info: Super Admin account already exists.
2025-04-02 11:02:07 info: Server running on port 5051
2025-04-02 11:02:08 info: Super Admin account already exists.
